Determining if the pthread_create exist failed with the following output:
Change Dir: /home/saharsh/Desktop/WRO_Assignment/WRO_ROS_Solution/catkin_ws/build/CMakeFiles/CMakeTmp

Run Build Command:"/usr/bin/make" "cmTC_93f7f/fast"
/usr/bin/make -f CMakeFiles/cmTC_93f7f.dir/build.make CMakeFiles/cmTC_93f7f.dir/build
make[1]: Entering directory '/home/saharsh/Desktop/WRO_Assignment/WRO_ROS_Solution/catkin_ws/build/CMakeFiles/CMakeTmp'
Building C object CMakeFiles/cmTC_93f7f.dir/CheckSymbolExists.c.o
/usr/bin/cc     -o CMakeFiles/cmTC_93f7f.dir/CheckSymbolExists.c.o   -c /home/saharsh/Desktop/WRO_Assignment/WRO_ROS_Solution/catkin_ws/build/CMakeFiles/CMakeTmp/CheckSymbolExists.c
Linking C executable cmTC_93f7f
/usr/bin/cmake -E cmake_link_script CMakeFiles/cmTC_93f7f.dir/link.txt --verbose=1
/usr/bin/cc       CMakeFiles/cmTC_93f7f.dir/CheckSymbolExists.c.o  -o cmTC_93f7f -rdynamic 
CMakeFiles/cmTC_93f7f.dir/CheckSymbolExists.c.o: In function `main':
CheckSymbolExists.c:(.text+0x16): undefined reference to `pthread_create'
collect2: error: ld returned 1 exit status
CMakeFiles/cmTC_93f7f.dir/build.make:97: recipe for target 'cmTC_93f7f' failed
make[1]: *** [cmTC_93f7f] Error 1
make[1]: Leaving directory '/home/saharsh/Desktop/WRO_Assignment/WRO_ROS_Solution/catkin_ws/build/CMakeFiles/CMakeTmp'
Makefile:126: recipe for target 'cmTC_93f7f/fast' failed
make: *** [cmTC_93f7f/fast] Error 2

File /home/saharsh/Desktop/WRO_Assignment/WRO_ROS_Solution/catkin_ws/build/CMakeFiles/CMakeTmp/CheckSymbolExists.c:
/* */
#include <pthread.h>

int main(int argc, char** argv)
{
  (void)argv;
#ifndef pthread_create
  return ((int*)(&pthread_create))[argc];
#else
  (void)argc;
  return 0;
#endif
}

Determining if the function pthread_create exists in the pthreads failed with the following output:
Change Dir: /home/saharsh/Desktop/WRO_Assignment/WRO_ROS_Solution/catkin_ws/build/CMakeFiles/CMakeTmp

Run Build Command:"/usr/bin/make" "cmTC_2e31e/fast"
/usr/bin/make -f CMakeFiles/cmTC_2e31e.dir/build.make CMakeFiles/cmTC_2e31e.dir/build
make[1]: Entering directory '/home/saharsh/Desktop/WRO_Assignment/WRO_ROS_Solution/catkin_ws/build/CMakeFiles/CMakeTmp'
Building C object CMakeFiles/cmTC_2e31e.dir/CheckFunctionExists.c.o
/usr/bin/cc    -DCHECK_FUNCTION_EXISTS=pthread_create   -o CMakeFiles/cmTC_2e31e.dir/CheckFunctionExists.c.o   -c /usr/share/cmake-3.5/Modules/CheckFunctionExists.c
Linking C executable cmTC_2e31e
/usr/bin/cmake -E cmake_link_script CMakeFiles/cmTC_2e31e.dir/link.txt --verbose=1
/usr/bin/cc   -DCHECK_FUNCTION_EXISTS=pthread_create    CMakeFiles/cmTC_2e31e.dir/CheckFunctionExists.c.o  -o cmTC_2e31e -rdynamic -lpthreads 
/usr/bin/ld: cannot find -lpthreads
collect2: error: ld returned 1 exit status
CMakeFiles/cmTC_2e31e.dir/build.make:97: recipe for target 'cmTC_2e31e' failed
make[1]: *** [cmTC_2e31e] Error 1
make[1]: Leaving directory '/home/saharsh/Desktop/WRO_Assignment/WRO_ROS_Solution/catkin_ws/build/CMakeFiles/CMakeTmp'
Makefile:126: recipe for target 'cmTC_2e31e/fast' failed
make: *** [cmTC_2e31e/fast] Error 2


